[2026-02-13 13:13:57] === Upload started ===
[2026-02-13 13:13:57] POST order_id: 23
[2026-02-13 13:13:57] FILES: Array
(
    [0] => image_file
    [1] => original_file
)

[2026-02-13 13:13:57] Nonce check passed
[2026-02-13 13:13:57] order_id: 23, has_upload: yes
[2026-02-13 13:13:59] === Upload started ===
[2026-02-13 13:13:59] POST order_id: 23
[2026-02-13 13:13:59] FILES: Array
(
    [0] => image_file
)

[2026-02-13 13:13:59] Nonce check passed
[2026-02-13 13:13:59] order_id: 23, has_upload: yes
[2026-02-13 13:13:59] === Upload started ===
[2026-02-13 13:13:59] POST order_id: 23
[2026-02-13 13:13:59] FILES: Array
(
    [0] => image_file
)

[2026-02-13 13:13:59] Nonce check passed
[2026-02-13 13:13:59] order_id: 23, has_upload: yes
[2026-02-13 13:14:00] === Upload started ===
[2026-02-13 13:14:00] POST order_id: 23
[2026-02-13 13:14:00] FILES: Array
(
    [0] => image_file
)

[2026-02-13 13:14:00] Nonce check passed
[2026-02-13 13:14:00] order_id: 23, has_upload: yes
[2026-02-13 13:14:00] === Upload started ===
[2026-02-13 13:14:00] POST order_id: 23
[2026-02-13 13:14:00] FILES: Array
(
    [0] => image_file
)

[2026-02-13 13:14:00] Nonce check passed
[2026-02-13 13:14:00] order_id: 23, has_upload: yes
[2026-02-13 13:14:01] === Upload started ===
[2026-02-13 13:14:01] POST order_id: 23
[2026-02-13 13:14:01] FILES: Array
(
    [0] => image_file
)

[2026-02-13 13:14:01] Nonce check passed
[2026-02-13 13:14:01] order_id: 23, has_upload: yes
[2026-02-13 13:14:01] === Upload started ===
[2026-02-13 13:14:01] POST order_id: 23
[2026-02-13 13:14:01] FILES: Array
(
    [0] => image_file
)

[2026-02-13 13:14:01] Nonce check passed
[2026-02-13 13:14:01] order_id: 23, has_upload: yes
[2026-02-13 13:14:01] === Upload started ===
[2026-02-13 13:14:01] POST order_id: 23
[2026-02-13 13:14:01] FILES: Array
(
    [0] => image_file
)

[2026-02-13 13:14:01] Nonce check passed
[2026-02-13 13:14:01] order_id: 23, has_upload: yes
[2026-02-13 13:14:01] === Upload started ===
[2026-02-13 13:14:01] POST order_id: 23
[2026-02-13 13:14:01] FILES: Array
(
    [0] => image_file
)

[2026-02-13 13:14:01] Nonce check passed
[2026-02-13 13:14:01] order_id: 23, has_upload: yes
[2026-02-13 14:17:22] === Upload started ===
[2026-02-13 14:17:22] POST order_id: 24
[2026-02-13 14:17:22] FILES: Array
(
    [0] => image_file
    [1] => original_file
)

[2026-02-13 14:17:22] Nonce check passed
[2026-02-13 14:17:22] order_id: 24, has_upload: yes
[2026-02-13 14:17:23] === Upload started ===
[2026-02-13 14:17:23] POST order_id: 24
[2026-02-13 14:17:23] FILES: Array
(
    [0] => image_file
)

[2026-02-13 14:17:23] Nonce check passed
[2026-02-13 14:17:23] order_id: 24, has_upload: yes
[2026-02-13 14:17:24] === Upload started ===
[2026-02-13 14:17:24] POST order_id: 24
[2026-02-13 14:17:24] FILES: Array
(
    [0] => image_file
)

[2026-02-13 14:17:24] Nonce check passed
[2026-02-13 14:17:24] order_id: 24, has_upload: yes
[2026-02-13 14:17:25] === Upload started ===
[2026-02-13 14:17:25] POST order_id: 24
[2026-02-13 14:17:25] FILES: Array
(
    [0] => image_file
)

[2026-02-13 14:17:25] Nonce check passed
[2026-02-13 14:17:25] order_id: 24, has_upload: yes
[2026-02-13 14:17:25] === Upload started ===
[2026-02-13 14:17:25] POST order_id: 24
[2026-02-13 14:17:25] FILES: Array
(
    [0] => image_file
)

[2026-02-13 14:17:25] Nonce check passed
[2026-02-13 14:17:25] order_id: 24, has_upload: yes
[2026-02-13 14:17:25] === Upload started ===
[2026-02-13 14:17:25] POST order_id: 24
[2026-02-13 14:17:25] FILES: Array
(
    [0] => image_file
)

[2026-02-13 14:17:25] Nonce check passed
[2026-02-13 14:17:25] order_id: 24, has_upload: yes
[2026-02-13 14:17:26] === Upload started ===
[2026-02-13 14:17:26] POST order_id: 24
[2026-02-13 14:17:26] FILES: Array
(
    [0] => image_file
)

[2026-02-13 14:17:26] Nonce check passed
[2026-02-13 14:17:26] order_id: 24, has_upload: yes
[2026-02-13 14:17:26] === Upload started ===
[2026-02-13 14:17:26] POST order_id: 24
[2026-02-13 14:17:26] FILES: Array
(
    [0] => image_file
)

[2026-02-13 14:17:26] Nonce check passed
[2026-02-13 14:17:26] order_id: 24, has_upload: yes
[2026-02-13 14:17:26] === Upload started ===
[2026-02-13 14:17:26] POST order_id: 24
[2026-02-13 14:17:26] FILES: Array
(
    [0] => image_file
)

[2026-02-13 14:17:26] Nonce check passed
[2026-02-13 14:17:26] order_id: 24, has_upload: yes
[2026-02-13 14:41:52] === Upload started ===
[2026-02-13 14:41:52] POST order_id: 25
[2026-02-13 14:41:52] FILES: Array
(
    [0] => image_file
    [1] => original_file
)

[2026-02-13 14:41:52] Nonce check passed
[2026-02-13 14:41:52] order_id: 25, has_upload: yes
[2026-02-13 14:41:53] === Upload started ===
[2026-02-13 14:41:53] POST order_id: 25
[2026-02-13 14:41:53] FILES: Array
(
    [0] => image_file
)

[2026-02-13 14:41:53] Nonce check passed
[2026-02-13 14:41:53] order_id: 25, has_upload: yes
[2026-02-13 14:41:54] === Upload started ===
[2026-02-13 14:41:54] POST order_id: 25
[2026-02-13 14:41:54] FILES: Array
(
    [0] => image_file
)

[2026-02-13 14:41:54] Nonce check passed
[2026-02-13 14:41:54] order_id: 25, has_upload: yes
[2026-02-13 14:41:55] === Upload started ===
[2026-02-13 14:41:55] POST order_id: 25
[2026-02-13 14:41:55] FILES: Array
(
    [0] => image_file
)

[2026-02-13 14:41:55] Nonce check passed
[2026-02-13 14:41:55] order_id: 25, has_upload: yes
[2026-02-13 14:41:55] === Upload started ===
[2026-02-13 14:41:55] POST order_id: 25
[2026-02-13 14:41:55] FILES: Array
(
    [0] => image_file
)

[2026-02-13 14:41:55] Nonce check passed
[2026-02-13 14:41:55] order_id: 25, has_upload: yes
[2026-02-13 14:41:55] === Upload started ===
[2026-02-13 14:41:55] POST order_id: 25
[2026-02-13 14:41:55] FILES: Array
(
    [0] => image_file
)

[2026-02-13 14:41:55] Nonce check passed
[2026-02-13 14:41:55] order_id: 25, has_upload: yes
[2026-02-13 14:41:56] === Upload started ===
[2026-02-13 14:41:56] POST order_id: 25
[2026-02-13 14:41:56] FILES: Array
(
    [0] => image_file
)

[2026-02-13 14:41:56] Nonce check passed
[2026-02-13 14:41:56] order_id: 25, has_upload: yes
[2026-02-13 14:41:56] === Upload started ===
[2026-02-13 14:41:56] POST order_id: 25
[2026-02-13 14:41:56] FILES: Array
(
    [0] => image_file
)

[2026-02-13 14:41:56] Nonce check passed
[2026-02-13 14:41:56] order_id: 25, has_upload: yes
[2026-02-13 14:41:56] === Upload started ===
[2026-02-13 14:41:56] POST order_id: 25
[2026-02-13 14:41:56] FILES: Array
(
    [0] => image_file
)

[2026-02-13 14:41:56] Nonce check passed
[2026-02-13 14:41:56] order_id: 25, has_upload: yes
[2026-02-13 15:21:23] === Upload started ===
[2026-02-13 15:21:23] POST order_id: 26
[2026-02-13 15:21:23] FILES: Array
(
    [0] => image_file
    [1] => original_file
)

[2026-02-13 15:21:23] Nonce check passed
[2026-02-13 15:21:23] order_id: 26, has_upload: yes
[2026-02-13 15:21:24] === Upload started ===
[2026-02-13 15:21:24] POST order_id: 26
[2026-02-13 15:21:24] FILES: Array
(
    [0] => image_file
)

[2026-02-13 15:21:24] Nonce check passed
[2026-02-13 15:21:24] order_id: 26, has_upload: yes
[2026-02-13 15:21:25] === Upload started ===
[2026-02-13 15:21:25] POST order_id: 26
[2026-02-13 15:21:25] FILES: Array
(
    [0] => image_file
)

[2026-02-13 15:21:25] Nonce check passed
[2026-02-13 15:21:25] order_id: 26, has_upload: yes
[2026-02-13 15:21:25] === Upload started ===
[2026-02-13 15:21:25] POST order_id: 26
[2026-02-13 15:21:25] FILES: Array
(
    [0] => image_file
)

[2026-02-13 15:21:25] Nonce check passed
[2026-02-13 15:21:25] order_id: 26, has_upload: yes
[2026-02-13 15:21:25] === Upload started ===
[2026-02-13 15:21:25] POST order_id: 26
[2026-02-13 15:21:25] FILES: Array
(
    [0] => image_file
)

[2026-02-13 15:21:25] Nonce check passed
[2026-02-13 15:21:25] order_id: 26, has_upload: yes
[2026-02-13 15:21:26] === Upload started ===
[2026-02-13 15:21:26] POST order_id: 26
[2026-02-13 15:21:26] FILES: Array
(
    [0] => image_file
)

[2026-02-13 15:21:26] Nonce check passed
[2026-02-13 15:21:26] order_id: 26, has_upload: yes
[2026-02-13 17:30:31] === Upload started ===
[2026-02-13 17:30:31] POST order_id: 27
[2026-02-13 17:30:31] FILES: Array
(
    [0] => image_file
    [1] => original_file
)

[2026-02-13 17:30:31] Nonce check passed
[2026-02-13 17:30:31] order_id: 27, has_upload: yes
[2026-02-13 17:30:32] === Upload started ===
[2026-02-13 17:30:32] POST order_id: 27
[2026-02-13 17:30:32] FILES: Array
(
    [0] => image_file
)

[2026-02-13 17:30:32] Nonce check passed
[2026-02-13 17:30:32] order_id: 27, has_upload: yes
[2026-02-13 17:30:33] === Upload started ===
[2026-02-13 17:30:33] POST order_id: 27
[2026-02-13 17:30:33] FILES: Array
(
    [0] => image_file
)

[2026-02-13 17:30:33] Nonce check passed
[2026-02-13 17:30:33] order_id: 27, has_upload: yes
[2026-02-13 17:30:33] === Upload started ===
[2026-02-13 17:30:33] POST order_id: 27
[2026-02-13 17:30:33] FILES: Array
(
    [0] => image_file
)

[2026-02-13 17:30:33] Nonce check passed
[2026-02-13 17:30:33] order_id: 27, has_upload: yes
[2026-02-13 17:30:33] === Upload started ===
[2026-02-13 17:30:33] POST order_id: 27
[2026-02-13 17:30:33] FILES: Array
(
    [0] => image_file
)

[2026-02-13 17:30:33] Nonce check passed
[2026-02-13 17:30:33] order_id: 27, has_upload: yes
[2026-02-13 17:30:33] === Upload started ===
[2026-02-13 17:30:33] POST order_id: 27
[2026-02-13 17:30:33] FILES: Array
(
    [0] => image_file
)

[2026-02-13 17:30:33] Nonce check passed
[2026-02-13 17:30:33] order_id: 27, has_upload: yes
[2026-02-13 17:30:34] === Upload started ===
[2026-02-13 17:30:34] POST order_id: 27
[2026-02-13 17:30:34] FILES: Array
(
    [0] => image_file
)

[2026-02-13 17:30:34] Nonce check passed
[2026-02-13 17:30:34] order_id: 27, has_upload: yes
[2026-02-13 17:30:34] === Upload started ===
[2026-02-13 17:30:34] POST order_id: 27
[2026-02-13 17:30:34] FILES: Array
(
    [0] => image_file
)

[2026-02-13 17:30:34] Nonce check passed
[2026-02-13 17:30:34] order_id: 27, has_upload: yes
[2026-02-13 17:30:34] === Upload started ===
[2026-02-13 17:30:34] POST order_id: 27
[2026-02-13 17:30:34] FILES: Array
(
    [0] => image_file
)

[2026-02-13 17:30:34] Nonce check passed
[2026-02-13 17:30:34] order_id: 27, has_upload: yes
[2026-02-13 17:38:43] === Upload started ===
[2026-02-13 17:38:43] POST order_id: 28
[2026-02-13 17:38:43] FILES: Array
(
    [0] => image_file
    [1] => original_file
)

[2026-02-13 17:38:43] Nonce check passed
[2026-02-13 17:38:43] order_id: 28, has_upload: yes
[2026-02-13 17:38:44] === Upload started ===
[2026-02-13 17:38:44] POST order_id: 28
[2026-02-13 17:38:44] FILES: Array
(
    [0] => image_file
)

[2026-02-13 17:38:44] Nonce check passed
[2026-02-13 17:38:44] order_id: 28, has_upload: yes
[2026-02-13 17:38:45] === Upload started ===
[2026-02-13 17:38:45] POST order_id: 28
[2026-02-13 17:38:45] FILES: Array
(
    [0] => image_file
)

[2026-02-13 17:38:45] Nonce check passed
[2026-02-13 17:38:45] order_id: 28, has_upload: yes
[2026-02-13 17:38:45] === Upload started ===
[2026-02-13 17:38:45] POST order_id: 28
[2026-02-13 17:38:45] FILES: Array
(
    [0] => image_file
)

[2026-02-13 17:38:45] Nonce check passed
[2026-02-13 17:38:45] order_id: 28, has_upload: yes
[2026-02-13 17:38:45] === Upload started ===
[2026-02-13 17:38:45] POST order_id: 28
[2026-02-13 17:38:45] FILES: Array
(
    [0] => image_file
)

[2026-02-13 17:38:45] Nonce check passed
[2026-02-13 17:38:45] order_id: 28, has_upload: yes
[2026-02-13 17:38:45] === Upload started ===
[2026-02-13 17:38:45] POST order_id: 28
[2026-02-13 17:38:45] FILES: Array
(
    [0] => image_file
)

[2026-02-13 17:38:45] Nonce check passed
[2026-02-13 17:38:45] order_id: 28, has_upload: yes
[2026-02-13 17:38:46] === Upload started ===
[2026-02-13 17:38:46] POST order_id: 28
[2026-02-13 17:38:46] FILES: Array
(
    [0] => image_file
)

[2026-02-13 17:38:46] Nonce check passed
[2026-02-13 17:38:46] order_id: 28, has_upload: yes
[2026-02-13 17:38:46] === Upload started ===
[2026-02-13 17:38:46] POST order_id: 28
[2026-02-13 17:38:46] FILES: Array
(
    [0] => image_file
)

[2026-02-13 17:38:46] Nonce check passed
[2026-02-13 17:38:46] order_id: 28, has_upload: yes
[2026-02-13 17:38:46] === Upload started ===
[2026-02-13 17:38:46] POST order_id: 28
[2026-02-13 17:38:46] FILES: Array
(
    [0] => image_file
)

[2026-02-13 17:38:46] Nonce check passed
[2026-02-13 17:38:46] order_id: 28, has_upload: yes
[2026-02-13 17:48:58] === Upload started ===
[2026-02-13 17:48:58] POST order_id: 29
[2026-02-13 17:48:58] FILES: Array
(
    [0] => image_file
    [1] => original_file
)

[2026-02-13 17:48:58] Nonce check passed
[2026-02-13 17:48:58] order_id: 29, has_upload: yes
[2026-02-13 17:48:59] === Upload started ===
[2026-02-13 17:48:59] POST order_id: 29
[2026-02-13 17:48:59] FILES: Array
(
    [0] => image_file
)

[2026-02-13 17:48:59] Nonce check passed
[2026-02-13 17:48:59] order_id: 29, has_upload: yes
[2026-02-13 17:49:00] === Upload started ===
[2026-02-13 17:49:00] POST order_id: 29
[2026-02-13 17:49:00] FILES: Array
(
    [0] => image_file
)

[2026-02-13 17:49:00] Nonce check passed
[2026-02-13 17:49:00] order_id: 29, has_upload: yes
[2026-02-13 17:49:00] === Upload started ===
[2026-02-13 17:49:00] POST order_id: 29
[2026-02-13 17:49:00] FILES: Array
(
    [0] => image_file
)

[2026-02-13 17:49:00] Nonce check passed
[2026-02-13 17:49:00] order_id: 29, has_upload: yes
[2026-02-13 17:49:01] === Upload started ===
[2026-02-13 17:49:01] POST order_id: 29
[2026-02-13 17:49:01] FILES: Array
(
    [0] => image_file
)

[2026-02-13 17:49:01] Nonce check passed
[2026-02-13 17:49:01] order_id: 29, has_upload: yes
[2026-02-13 17:49:01] === Upload started ===
[2026-02-13 17:49:01] POST order_id: 29
[2026-02-13 17:49:01] FILES: Array
(
    [0] => image_file
)

[2026-02-13 17:49:01] Nonce check passed
[2026-02-13 17:49:01] order_id: 29, has_upload: yes
[2026-02-13 17:49:01] === Upload started ===
[2026-02-13 17:49:01] POST order_id: 29
[2026-02-13 17:49:01] FILES: Array
(
    [0] => image_file
)

[2026-02-13 17:49:01] Nonce check passed
[2026-02-13 17:49:01] order_id: 29, has_upload: yes
[2026-02-13 17:49:01] === Upload started ===
[2026-02-13 17:49:01] POST order_id: 29
[2026-02-13 17:49:01] FILES: Array
(
    [0] => image_file
)

[2026-02-13 17:49:01] Nonce check passed
[2026-02-13 17:49:01] order_id: 29, has_upload: yes
[2026-02-13 17:49:02] === Upload started ===
[2026-02-13 17:49:02] POST order_id: 29
[2026-02-13 17:49:02] FILES: Array
(
    [0] => image_file
)

[2026-02-13 17:49:02] Nonce check passed
[2026-02-13 17:49:02] order_id: 29, has_upload: yes
